Determining if the pthread_create exist failed with the following output:
Change Dir: /home/tuf2/chae_watcher/build/CMakeFiles/CMakeTmp

Run Build Command:"/usr/bin/make" "cmTC_b679c/fast"
/usr/bin/make -f CMakeFiles/cmTC_b679c.dir/build.make CMakeFiles/cmTC_b679c.dir/build
make[1]: Entering directory '/home/tuf2/chae_watcher/build/CMakeFiles/CMakeTmp'
Building C object CMakeFiles/cmTC_b679c.dir/CheckSymbolExists.c.o
/usr/bin/cc    -o CMakeFiles/cmTC_b679c.dir/CheckSymbolExists.c.o   -c /home/tuf2/chae_watcher/build/CMakeFiles/CMakeTmp/CheckSymbolExists.c
Linking C executable cmTC_b679c
/usr/bin/cmake -E cmake_link_script CMakeFiles/cmTC_b679c.dir/link.txt --verbose=1
/usr/bin/cc      -rdynamic CMakeFiles/cmTC_b679c.dir/CheckSymbolExists.c.o  -o cmTC_b679c 
CMakeFiles/cmTC_b679c.dir/CheckSymbolExists.c.o: In function `main':
CheckSymbolExists.c:(.text+0x14): undefined reference to `pthread_create'
CheckSymbolExists.c:(.text+0x18): undefined reference to `pthread_create'
collect2: error: ld returned 1 exit status
CMakeFiles/cmTC_b679c.dir/build.make:97: recipe for target 'cmTC_b679c' failed
make[1]: *** [cmTC_b679c] Error 1
make[1]: Leaving directory '/home/tuf2/chae_watcher/build/CMakeFiles/CMakeTmp'
Makefile:126: recipe for target 'cmTC_b679c/fast' failed
make: *** [cmTC_b679c/fast] Error 2

File /home/tuf2/chae_watcher/build/CMakeFiles/CMakeTmp/CheckSymbolExists.c:
/* */
#include <pthread.h>

int main(int argc, char** argv)
{
  (void)argv;
#ifndef pthread_create
  return ((int*)(&pthread_create))[argc];
#else
  (void)argc;
  return 0;
#endif
}

Determining if the function pthread_create exists in the pthreads failed with the following output:
Change Dir: /home/tuf2/chae_watcher/build/CMakeFiles/CMakeTmp

Run Build Command:"/usr/bin/make" "cmTC_beace/fast"
/usr/bin/make -f CMakeFiles/cmTC_beace.dir/build.make CMakeFiles/cmTC_beace.dir/build
make[1]: Entering directory '/home/tuf2/chae_watcher/build/CMakeFiles/CMakeTmp'
Building C object CMakeFiles/cmTC_beace.dir/CheckFunctionExists.c.o
/usr/bin/cc   -DCHECK_FUNCTION_EXISTS=pthread_create   -o CMakeFiles/cmTC_beace.dir/CheckFunctionExists.c.o   -c /usr/share/cmake-3.10/Modules/CheckFunctionExists.c
Linking C executable cmTC_beace
/usr/bin/cmake -E cmake_link_script CMakeFiles/cmTC_beace.dir/link.txt --verbose=1
/usr/bin/cc  -DCHECK_FUNCTION_EXISTS=pthread_create    -rdynamic CMakeFiles/cmTC_beace.dir/CheckFunctionExists.c.o  -o cmTC_beace -lpthreads 
/usr/bin/ld: cannot find -lpthreads
collect2: error: ld returned 1 exit status
CMakeFiles/cmTC_beace.dir/build.make:97: recipe for target 'cmTC_beace' failed
make[1]: *** [cmTC_beace] Error 1
make[1]: Leaving directory '/home/tuf2/chae_watcher/build/CMakeFiles/CMakeTmp'
Makefile:126: recipe for target 'cmTC_beace/fast' failed
make: *** [cmTC_beace/fast] Error 2


